[15:29:57] [ServerMain/INFO]: [bootstrap] Running Java 21 (OpenJDK 64-Bit Server VM 21.0.5+11-LTS; Microsoft Microsoft-10376803) on Linux 6.5.0-1025-azure (amd64)
[15:29:57] [ServerMain/INFO]: [bootstrap] Loading Paper 1.21.4-130-main@a392d47 (2025-01-28T00:39:56Z) for Minecraft 1.21.4
[15:29:57] [ServerMain/INFO]: [PluginInitializerManager] Initializing plugins...
[15:29:58] [ServerMain/INFO]: [PluginInitializerManager] Initialized 23 plugins
[15:29:58] [ServerMain/INFO]: [PluginInitializerManager] Paper plugins (1):
 - FancyNpcs (2.4.1)
[15:29:58] [ServerMain/INFO]: [PluginInitializerManager] Bukkit plugins (22):
 - BetterStructures (1.7.7), CustomCrafting (4.16.11), DiscordSRV (1.29.0), EliteMobs (9.2.3), Essentials (2.21.0-dev+160-e2295c1), Geyser-Spigot (2.6.0-SNAPSHOT), GraveStonesPlus (1.7.1), ImageFrame (1.7.14.0), LagAssist (2.32.2), LagFixer (1.3.31 (build 95)), LevelledMobs (4.2.0.2 b98), LoginSecurity (3.3.0), LuckPerms (5.4.145), ProjectKorra (1.11.3), ProtocolLib (5.3.0), Veinminer (2.3.1), ViaBackwards (5.2.1), ViaVersion (5.2.1), WolfyUtilities (4.17-beta.7), WorldEdit (7.3.10+7004-768a436), WorldGuard (7.0.12+829a4a4), floodgate (2.2.3-SNAPSHOT (b114-83fbd6e))
[15:30:02] [ServerMain/INFO]: Environment: Environment[sessionHost=https://sessionserver.mojang.com, servicesHost=https://api.minecraftservices.com, name=PROD]
[15:30:02] [ServerMain/ERROR]: Failed to start the minecraft server
net.minecraft.util.DirectoryLock$LockException: /workspaces/codespaces-blank/mc_server/./world/session.lock: already locked (possibly by other Minecraft instance?)
	at net.minecraft.util.DirectoryLock$LockException.alreadyLocked(DirectoryLock.java:100) ~[paper-1.21.4.jar:1.21.4-130-a392d47]
	at net.minecraft.util.DirectoryLock.create(DirectoryLock.java:30) ~[paper-1.21.4.jar:1.21.4-130-a392d47]
	at net.minecraft.world.level.storage.LevelStorageSource$LevelStorageAccess.<init>(LevelStorageSource.java:435) ~[paper-1.21.4.jar:1.21.4-130-a392d47]
	at net.minecraft.world.level.storage.LevelStorageSource.validateAndCreateAccess(LevelStorageSource.java:350) ~[paper-1.21.4.jar:1.21.4-130-a392d47]
	at net.minecraft.server.Main.main(Main.java:184) ~[paper-1.21.4.jar:1.21.4-130-a392d47]
	at io.papermc.paper.PaperBootstrap.boot(PaperBootstrap.java:21) ~[paper-1.21.4.jar:1.21.4-130-a392d47]
	at org.bukkit.craftbukkit.Main.main(Main.java:281) ~[paper-1.21.4.jar:1.21.4-130-a392d47]
	at io.papermc.paperclip.Paperclip.lambda$main$0(Paperclip.java:42) ~[app:?]
	at java.base/java.lang.Thread.run(Thread.java:1583) ~[?:?]
